{"level":"info","message":"Hello From the Acquisitions API","service":"acquisitions-api"}
{"level":"info","message":"::1 - - [06/Nov/2025:07:58:32 +0000] \"GET / HTTP/1.1\" 304 - \"-\" \"Mozilla/5.0 (Macintosh; Intel Mac OS X 10_15_7) AppleWebKit/537.36 (KHTML, like Gecko) Chrome/142.0.0.0 Safari/537.36\"","service":"acquisitions-api"}
{"level":"info","message":"Hello From the Landing Page","service":"acquisitions-api"}
{"level":"info","message":"::1 - - [06/Nov/2025:17:19:41 +0000] \"GET / HTTP/1.1\" 200 27 \"-\" \"Mozilla/5.0 (Macintosh; Intel Mac OS X 10_15_7) AppleWebKit/537.36 (KHTML, like Gecko) Chrome/142.0.0.0 Safari/537.36\"","service":"acquisitions-api"}
{"level":"info","message":"::1 - - [06/Nov/2025:17:22:39 +0000] \"GET /health HTTP/1.1\" 200 54 \"-\" \"PostmanRuntime/7.45.0\"","service":"acquisitions-api"}
{"level":"info","message":"::1 - - [06/Nov/2025:17:22:45 +0000] \"GET /api HTTP/1.1\" 200 53 \"-\" \"PostmanRuntime/7.45.0\"","service":"acquisitions-api"}
{"level":"info","message":"Hello From the Landing Page","service":"acquisitions-api"}
{"level":"info","message":"::1 - - [06/Nov/2025:17:23:29 +0000] \"GET / HTTP/1.1\" 200 27 \"-\" \"PostmanRuntime/7.45.0\"","service":"acquisitions-api"}
{"level":"info","message":"::1 - - [06/Nov/2025:17:23:50 +0000] \"GET /health HTTP/1.1\" 200 54 \"-\" \"PostmanRuntime/7.45.0\"","service":"acquisitions-api"}
{"level":"info","message":"::1 - - [06/Nov/2025:17:24:09 +0000] \"GET /health HTTP/1.1\" 200 75 \"-\" \"PostmanRuntime/7.45.0\"","service":"acquisitions-api"}
{"level":"info","message":"::1 - - [06/Nov/2025:17:24:58 +0000] \"GET /health HTTP/1.1\" 200 76 \"-\" \"PostmanRuntime/7.45.0\"","service":"acquisitions-api"}
{"level":"info","message":"::1 - - [06/Nov/2025:17:27:08 +0000] \"POST /api/auth/sign-in HTTP/1.1\" 200 36 \"-\" \"PostmanRuntime/7.45.0\"","service":"acquisitions-api"}
{"level":"info","message":"::1 - - [06/Nov/2025:18:34:53 +0000] \"POST /api/auth/sign-up HTTP/1.1\" 200 36 \"-\" \"PostmanRuntime/7.45.0\"","service":"acquisitions-api"}
{"level":"info","message":"::1 - - [06/Nov/2025:18:35:18 +0000] \"GET /health HTTP/1.1\" 200 76 \"-\" \"PostmanRuntime/7.45.0\"","service":"acquisitions-api"}
{"level":"info","message":"::1 - - [06/Nov/2025:18:37:59 +0000] \"POST /api/auth/sign-up HTTP/1.1\" 400 92 \"-\" \"PostmanRuntime/7.45.0\"","service":"acquisitions-api"}
{"level":"info","message":"::1 - - [06/Nov/2025:18:41:31 +0000] \"POST /api/auth/sign-up HTTP/1.1\" 400 92 \"-\" \"PostmanRuntime/7.45.0\"","service":"acquisitions-api"}
{"level":"info","message":"::1 - - [06/Nov/2025:18:41:37 +0000] \"POST /api/auth/sign-up HTTP/1.1\" 400 92 \"-\" \"PostmanRuntime/7.45.0\"","service":"acquisitions-api"}
{"level":"info","message":"::1 - - [06/Nov/2025:18:41:57 +0000] \"POST /api/auth/sign-up HTTP/1.1\" 400 92 \"-\" \"PostmanRuntime/7.45.0\"","service":"acquisitions-api"}
{"level":"info","message":"::1 - - [06/Nov/2025:18:42:02 +0000] \"POST /api/auth/sign-up HTTP/1.1\" 400 92 \"-\" \"PostmanRuntime/7.45.0\"","service":"acquisitions-api"}
{"level":"info","message":"::1 - - [06/Nov/2025:18:42:57 +0000] \"POST /api/auth/sign-up HTTP/1.1\" 400 92 \"-\" \"PostmanRuntime/7.45.0\"","service":"acquisitions-api"}
{"level":"info","message":"::1 - - [06/Nov/2025:18:46:20 +0000] \"POST /api/auth/sign-up HTTP/1.1\" 400 92 \"-\" \"PostmanRuntime/7.45.0\"","service":"acquisitions-api"}
{"level":"info","message":"User registered successfully: test@test.com","service":"acquisitions-api"}
{"level":"info","message":"::1 - - [06/Nov/2025:18:46:34 +0000] \"POST /api/auth/sign-up HTTP/1.1\" 201 97 \"-\" \"PostmanRuntime/7.45.0\"","service":"acquisitions-api"}
{"level":"error","message":"Signup error Cannot read properties of undefined (reading 'id')","service":"acquisitions-api","stack":"TypeError: Cannot read properties of undefined (reading 'id')\n    at signup (file:///Users/joshuaemerson/Desktop/acquisition-api/src/controllers/auth.controller.js:24:43)"}
{"level":"info","message":"::1 - - [06/Nov/2025:19:46:17 +0000] \"POST /api/auth/sign-up HTTP/1.1\" 500 318 \"-\" \"PostmanRuntime/7.45.0\"","service":"acquisitions-api"}
{"level":"error","message":"Error creating the user: TypeError: object is not iterable (cannot read property Symbol(Symbol.iterator))","service":"acquisitions-api"}
{"level":"error","message":"Signup error object is not iterable (cannot read property Symbol(Symbol.iterator))","service":"acquisitions-api","stack":"TypeError: object is not iterable (cannot read property Symbol(Symbol.iterator))\n    at createUser (file:///Users/joshuaemerson/Desktop/acquisition-api/src/services/auth.service.js:27:27)\n    at async signup (file:///Users/joshuaemerson/Desktop/acquisition-api/src/controllers/auth.controller.js:23:18)"}
{"level":"info","message":"::1 - - [06/Nov/2025:19:49:43 +0000] \"POST /api/auth/sign-up HTTP/1.1\" 500 455 \"-\" \"PostmanRuntime/7.45.0\"","service":"acquisitions-api"}
{"level":"info","message":"User admin@gmail.com created successfully","service":"acquisitions-api"}
{"level":"info","message":"User registered successfully: admin@gmail.com","service":"acquisitions-api"}
{"level":"info","message":"::1 - - [06/Nov/2025:19:50:27 +0000] \"POST /api/auth/sign-up HTTP/1.1\" 201 101 \"-\" \"PostmanRuntime/7.45.0\"","service":"acquisitions-api"}
{"level":"info","message":"User joshua@gmail.com created successfully","service":"acquisitions-api"}
{"level":"info","message":"User registered successfully: joshua@gmail.com","service":"acquisitions-api"}
{"level":"info","message":"::1 - - [06/Nov/2025:19:51:44 +0000] \"POST /api/auth/sign-up HTTP/1.1\" 201 102 \"-\" \"PostmanRuntime/7.45.0\"","service":"acquisitions-api"}
{"level":"info","message":"User admin@gmail.com created successfully","service":"acquisitions-api"}
{"level":"info","message":"User registered successfully: admin@gmail.com","service":"acquisitions-api"}
{"level":"info","message":"::1 - - [06/Nov/2025:19:57:47 +0000] \"POST /api/auth/sign-up HTTP/1.1\" 201 101 \"-\" \"PostmanRuntime/7.45.0\"","service":"acquisitions-api"}
{"level":"info","message":"User joshua@gmail.com created successfully","service":"acquisitions-api"}
{"level":"info","message":"User registered successfully: joshua@gmail.com","service":"acquisitions-api"}
{"level":"info","message":"::1 - - [06/Nov/2025:19:57:55 +0000] \"POST /api/auth/sign-up HTTP/1.1\" 201 102 \"-\" \"PostmanRuntime/7.45.0\"","service":"acquisitions-api"}
{"level":"info","message":"User joshua@gmail.com authenticated successfully","service":"acquisitions-api"}
{"level":"info","message":"User joshua@gmail.com signed in successfully","service":"acquisitions-api"}
{"level":"info","message":"::1 - - [06/Nov/2025:20:48:36 +0000] \"POST /api/auth/sign-in HTTP/1.1\" 200 114 \"-\" \"PostmanRuntime/7.45.0\"","service":"acquisitions-api"}
{"level":"info","message":"User signed out successfully","service":"acquisitions-api"}
{"level":"info","message":"::1 - - [06/Nov/2025:20:49:38 +0000] \"POST /api/auth/sign-out HTTP/1.1\" 200 42 \"-\" \"PostmanRuntime/7.45.0\"","service":"acquisitions-api"}
{"level":"info","message":"User signed out successfully","service":"acquisitions-api"}
{"level":"info","message":"::1 - - [06/Nov/2025:20:49:41 +0000] \"POST /api/auth/sign-out HTTP/1.1\" 200 42 \"-\" \"PostmanRuntime/7.45.0\"","service":"acquisitions-api"}
{"ip":"::1","level":"warn","message":"Bot request was blocked","path":"/health","service":"acquisitions-api","userAgent":"PostmanRuntime/7.45.0"}
{"level":"info","message":"::1 - - [07/Nov/2025:06:22:13 +0000] \"GET /health HTTP/1.1\" 403 70 \"-\" \"PostmanRuntime/7.45.0\"","service":"acquisitions-api"}
{"ip":"::1","level":"warn","message":"Bot request was blocked","path":"/health","service":"acquisitions-api","userAgent":"PostmanRuntime/7.45.0"}
{"level":"info","message":"::1 - - [07/Nov/2025:06:22:19 +0000] \"GET /health HTTP/1.1\" 403 70 \"-\" \"PostmanRuntime/7.45.0\"","service":"acquisitions-api"}
{"ip":"::1","level":"warn","message":"Bot request was blocked","path":"/health","service":"acquisitions-api","userAgent":"PostmanRuntime/7.45.0"}
{"level":"info","message":"::1 - - [07/Nov/2025:06:22:20 +0000] \"GET /health HTTP/1.1\" 403 70 \"-\" \"PostmanRuntime/7.45.0\"","service":"acquisitions-api"}
{"ip":"::1","level":"warn","message":"Bot request was blocked","path":"/health","service":"acquisitions-api","userAgent":"PostmanRuntime/7.45.0"}
{"level":"info","message":"::1 - - [07/Nov/2025:06:23:25 +0000] \"GET /health HTTP/1.1\" 403 70 \"-\" \"PostmanRuntime/7.45.0\"","service":"acquisitions-api"}
{"ip":"::1","level":"warn","message":"Bot request was blocked","path":"/api/auth/sign-out","service":"acquisitions-api","userAgent":"PostmanRuntime/7.45.0"}
{"level":"info","message":"::1 - - [07/Nov/2025:06:23:29 +0000] \"POST /api/auth/sign-out HTTP/1.1\" 403 70 \"-\" \"PostmanRuntime/7.45.0\"","service":"acquisitions-api"}
{"level":"info","message":"::1 - - [07/Nov/2025:06:29:28 +0000] \"GET /health HTTP/1.1\" 200 76 \"-\" \"Mozilla/5.0 (Macintosh; Intel Mac OS X 10_15_7) AppleWebKit/537.36 (KHTML, like Gecko) Chrome/142.0.0.0 Safari/537.36\"","service":"acquisitions-api"}
{"level":"info","message":"::1 - - [07/Nov/2025:06:29:30 +0000] \"GET /health HTTP/1.1\" 200 76 \"-\" \"Mozilla/5.0 (Macintosh; Intel Mac OS X 10_15_7) AppleWebKit/537.36 (KHTML, like Gecko) Chrome/142.0.0.0 Safari/537.36\"","service":"acquisitions-api"}
{"level":"info","message":"::1 - - [07/Nov/2025:06:29:30 +0000] \"GET /health HTTP/1.1\" 200 76 \"-\" \"Mozilla/5.0 (Macintosh; Intel Mac OS X 10_15_7) AppleWebKit/537.36 (KHTML, like Gecko) Chrome/142.0.0.0 Safari/537.36\"","service":"acquisitions-api"}
{"level":"info","message":"::1 - - [07/Nov/2025:06:29:30 +0000] \"GET /health HTTP/1.1\" 200 76 \"-\" \"Mozilla/5.0 (Macintosh; Intel Mac OS X 10_15_7) AppleWebKit/537.36 (KHTML, like Gecko) Chrome/142.0.0.0 Safari/537.36\"","service":"acquisitions-api"}
{"ip":"::1","level":"warn","message":"Rate limit exceeded","path":"/health","service":"acquisitions-api","userAgent":"Mozilla/5.0 (Macintosh; Intel Mac OS X 10_15_7) AppleWebKit/537.36 (KHTML, like Gecko) Chrome/142.0.0.0 Safari/537.36"}
{"level":"info","message":"::1 - - [07/Nov/2025:06:29:31 +0000] \"GET /health HTTP/1.1\" 403 51 \"-\" \"Mozilla/5.0 (Macintosh; Intel Mac OS X 10_15_7) AppleWebKit/537.36 (KHTML, like Gecko) Chrome/142.0.0.0 Safari/537.36\"","service":"acquisitions-api"}
{"ip":"::1","level":"warn","message":"Rate limit exceeded","path":"/health","service":"acquisitions-api","userAgent":"Mozilla/5.0 (Macintosh; Intel Mac OS X 10_15_7) AppleWebKit/537.36 (KHTML, like Gecko) Chrome/142.0.0.0 Safari/537.36"}
{"level":"info","message":"::1 - - [07/Nov/2025:06:29:31 +0000] \"GET /health HTTP/1.1\" 403 51 \"-\" \"Mozilla/5.0 (Macintosh; Intel Mac OS X 10_15_7) AppleWebKit/537.36 (KHTML, like Gecko) Chrome/142.0.0.0 Safari/537.36\"","service":"acquisitions-api"}
{"ip":"::1","level":"warn","message":"Rate limit exceeded","path":"/health","service":"acquisitions-api","userAgent":"Mozilla/5.0 (Macintosh; Intel Mac OS X 10_15_7) AppleWebKit/537.36 (KHTML, like Gecko) Chrome/142.0.0.0 Safari/537.36"}
{"level":"info","message":"::1 - - [07/Nov/2025:06:29:31 +0000] \"GET /health HTTP/1.1\" 403 51 \"-\" \"Mozilla/5.0 (Macintosh; Intel Mac OS X 10_15_7) AppleWebKit/537.36 (KHTML, like Gecko) Chrome/142.0.0.0 Safari/537.36\"","service":"acquisitions-api"}
{"ip":"::1","level":"warn","message":"Rate limit exceeded","path":"/health","service":"acquisitions-api","userAgent":"Mozilla/5.0 (Macintosh; Intel Mac OS X 10_15_7) AppleWebKit/537.36 (KHTML, like Gecko) Chrome/142.0.0.0 Safari/537.36"}
{"level":"info","message":"::1 - - [07/Nov/2025:06:29:31 +0000] \"GET /health HTTP/1.1\" 403 51 \"-\" \"Mozilla/5.0 (Macintosh; Intel Mac OS X 10_15_7) AppleWebKit/537.36 (KHTML, like Gecko) Chrome/142.0.0.0 Safari/537.36\"","service":"acquisitions-api"}
{"ip":"::1","level":"warn","message":"Rate limit exceeded","path":"/health","service":"acquisitions-api","userAgent":"Mozilla/5.0 (Macintosh; Intel Mac OS X 10_15_7) AppleWebKit/537.36 (KHTML, like Gecko) Chrome/142.0.0.0 Safari/537.36"}
{"level":"info","message":"::1 - - [07/Nov/2025:06:29:32 +0000] \"GET /health HTTP/1.1\" 403 51 \"-\" \"Mozilla/5.0 (Macintosh; Intel Mac OS X 10_15_7) AppleWebKit/537.36 (KHTML, like Gecko) Chrome/142.0.0.0 Safari/537.36\"","service":"acquisitions-api"}
{"ip":"::1","level":"warn","message":"Rate limit exceeded","path":"/health","service":"acquisitions-api","userAgent":"Mozilla/5.0 (Macintosh; Intel Mac OS X 10_15_7) AppleWebKit/537.36 (KHTML, like Gecko) Chrome/142.0.0.0 Safari/537.36"}
{"level":"info","message":"::1 - - [07/Nov/2025:06:29:32 +0000] \"GET /health HTTP/1.1\" 403 51 \"-\" \"Mozilla/5.0 (Macintosh; Intel Mac OS X 10_15_7) AppleWebKit/537.36 (KHTML, like Gecko) Chrome/142.0.0.0 Safari/537.36\"","service":"acquisitions-api"}
{"level":"info","message":"::1 - - [07/Nov/2025:06:33:36 +0000] \"GET /health HTTP/1.1\" 200 77 \"-\" \"HTTPie\"","service":"acquisitions-api"}
{"level":"info","message":"User joshua@gmail.com authenticated successfully","service":"acquisitions-api"}
{"level":"info","message":"User joshua@gmail.com signed in successfully","service":"acquisitions-api"}
{"level":"info","message":"::1 - - [07/Nov/2025:06:35:19 +0000] \"POST /api/auth/sign-in HTTP/1.1\" 200 114 \"-\" \"HTTPie\"","service":"acquisitions-api"}
{"level":"info","message":"User signed out successfully","service":"acquisitions-api"}
{"level":"info","message":"::1 - - [07/Nov/2025:06:35:39 +0000] \"POST /api/auth/sign-out HTTP/1.1\" 200 42 \"-\" \"HTTPie\"","service":"acquisitions-api"}
{"level":"info","message":"::1 - - [07/Nov/2025:06:35:42 +0000] \"GET /health HTTP/1.1\" 200 77 \"-\" \"HTTPie\"","service":"acquisitions-api"}
{"level":"info","message":"::1 - - [07/Nov/2025:06:35:43 +0000] \"GET /health HTTP/1.1\" 200 77 \"-\" \"HTTPie\"","service":"acquisitions-api"}
{"level":"info","message":"::1 - - [07/Nov/2025:06:35:44 +0000] \"GET /health HTTP/1.1\" 200 77 \"-\" \"HTTPie\"","service":"acquisitions-api"}
{"ip":"::1","level":"warn","message":"Rate limit exceeded","path":"/health","service":"acquisitions-api","userAgent":"HTTPie"}
{"level":"info","message":"::1 - - [07/Nov/2025:06:35:44 +0000] \"GET /health HTTP/1.1\" 403 51 \"-\" \"HTTPie\"","service":"acquisitions-api"}
{"ip":"::1","level":"warn","message":"Rate limit exceeded","path":"/health","service":"acquisitions-api","userAgent":"HTTPie"}
{"level":"info","message":"::1 - - [07/Nov/2025:06:35:45 +0000] \"GET /health HTTP/1.1\" 403 51 \"-\" \"HTTPie\"","service":"acquisitions-api"}
{"level":"info","message":"::1 - - [07/Nov/2025:18:42:25 +0000] \"GET /health HTTP/1.1\" 200 75 \"-\" \"-\"","service":"acquisitions-api"}
{"level":"info","message":"::1 - - [07/Nov/2025:18:42:55 +0000] \"GET /health HTTP/1.1\" 200 76 \"-\" \"-\"","service":"acquisitions-api"}
{"level":"info","message":"::1 - - [07/Nov/2025:18:43:25 +0000] \"GET /health HTTP/1.1\" 200 76 \"-\" \"-\"","service":"acquisitions-api"}
{"level":"info","message":"::1 - - [07/Nov/2025:18:43:56 +0000] \"GET /health HTTP/1.1\" 200 76 \"-\" \"-\"","service":"acquisitions-api"}
{"level":"info","message":"Hello From the Landing Page","service":"acquisitions-api"}
{"level":"info","message":"::ffff:192.168.65.1 - - [07/Nov/2025:18:44:18 +0000] \"GET / HTTP/1.1\" 304 - \"-\" \"Mozilla/5.0 (Macintosh; Intel Mac OS X 10_15_7) AppleWebKit/537.36 (KHTML, like Gecko) Chrome/142.0.0.0 Safari/537.36\"","service":"acquisitions-api"}
{"level":"info","message":"::1 - - [07/Nov/2025:18:44:26 +0000] \"GET /health HTTP/1.1\" 200 77 \"-\" \"-\"","service":"acquisitions-api"}
{"level":"info","message":"User signed out successfully","service":"acquisitions-api"}
{"level":"info","message":"::ffff:192.168.65.1 - - [07/Nov/2025:18:44:44 +0000] \"POST /api/auth/sign-out HTTP/1.1\" 200 42 \"-\" \"HTTPie\"","service":"acquisitions-api"}
{"level":"info","message":"::1 - - [07/Nov/2025:18:56:03 +0000] \"GET /health HTTP/1.1\" 200 75 \"-\" \"-\"","service":"acquisitions-api"}
{"level":"info","message":"::1 - - [07/Nov/2025:18:56:33 +0000] \"GET /health HTTP/1.1\" 200 76 \"-\" \"-\"","service":"acquisitions-api"}
{"level":"info","message":"::1 - - [07/Nov/2025:18:57:03 +0000] \"GET /health HTTP/1.1\" 200 76 \"-\" \"-\"","service":"acquisitions-api"}
{"level":"info","message":"User lewis@test.com created successfully","service":"acquisitions-api"}
{"level":"info","message":"User registered successfully: lewis@test.com","service":"acquisitions-api"}
{"level":"info","message":"::ffff:172.19.0.1 - - [07/Nov/2025:18:57:18 +0000] \"POST /api/auth/sign-up HTTP/1.1\" 201 99 \"-\" \"HTTPie\"","service":"acquisitions-api"}
{"level":"info","message":"::1 - - [07/Nov/2025:18:57:34 +0000] \"GET /health HTTP/1.1\" 200 76 \"-\" \"-\"","service":"acquisitions-api"}
{"level":"info","message":"::1 - - [07/Nov/2025:18:58:04 +0000] \"GET /health HTTP/1.1\" 200 77 \"-\" \"-\"","service":"acquisitions-api"}
{"level":"info","message":"::1 - - [07/Nov/2025:18:58:34 +0000] \"GET /health HTTP/1.1\" 200 77 \"-\" \"-\"","service":"acquisitions-api"}
{"level":"info","message":"::1 - - [07/Nov/2025:18:59:04 +0000] \"GET /health HTTP/1.1\" 200 77 \"-\" \"-\"","service":"acquisitions-api"}
{"level":"info","message":"::1 - - [07/Nov/2025:18:59:34 +0000] \"GET /health HTTP/1.1\" 200 76 \"-\" \"-\"","service":"acquisitions-api"}
{"level":"info","message":"::1 - - [07/Nov/2025:19:00:05 +0000] \"GET /health HTTP/1.1\" 200 77 \"-\" \"-\"","service":"acquisitions-api"}
{"level":"info","message":"::1 - - [07/Nov/2025:19:00:35 +0000] \"GET /health HTTP/1.1\" 200 77 \"-\" \"-\"","service":"acquisitions-api"}
{"level":"info","message":"::1 - - [07/Nov/2025:19:01:05 +0000] \"GET /health HTTP/1.1\" 200 77 \"-\" \"-\"","service":"acquisitions-api"}
{"level":"info","message":"::1 - - [07/Nov/2025:19:01:35 +0000] \"GET /health HTTP/1.1\" 200 76 \"-\" \"-\"","service":"acquisitions-api"}
{"level":"info","message":"::1 - - [07/Nov/2025:19:02:06 +0000] \"GET /health HTTP/1.1\" 200 77 \"-\" \"-\"","service":"acquisitions-api"}
{"level":"info","message":"::1 - - [07/Nov/2025:19:02:36 +0000] \"GET /health HTTP/1.1\" 200 77 \"-\" \"-\"","service":"acquisitions-api"}
{"level":"info","message":"::1 - - [07/Nov/2025:19:03:06 +0000] \"GET /health HTTP/1.1\" 200 77 \"-\" \"-\"","service":"acquisitions-api"}
{"level":"info","message":"::1 - - [07/Nov/2025:19:03:36 +0000] \"GET /health HTTP/1.1\" 200 77 \"-\" \"-\"","service":"acquisitions-api"}
{"level":"info","message":"::1 - - [07/Nov/2025:19:04:07 +0000] \"GET /health HTTP/1.1\" 200 77 \"-\" \"-\"","service":"acquisitions-api"}
{"level":"info","message":"::1 - - [07/Nov/2025:19:04:37 +0000] \"GET /health HTTP/1.1\" 200 73 \"-\" \"-\"","service":"acquisitions-api"}
{"level":"info","message":"::1 - - [07/Nov/2025:19:05:07 +0000] \"GET /health HTTP/1.1\" 200 77 \"-\" \"-\"","service":"acquisitions-api"}
{"level":"info","message":"::1 - - [07/Nov/2025:19:05:37 +0000] \"GET /health HTTP/1.1\" 200 77 \"-\" \"-\"","service":"acquisitions-api"}
